This file contains any messages produced by compilers while
running configure, to aid debugging if configure makes a mistake.

It was created by gngeo configure 0.8, which was
generated by GNU Autoconf 2.71.  Invocation command line was

  $ ./configure --no-create --no-recursion

## --------- ##
## Platform. ##
## --------- ##

hostname = kotori
uname -m = x86_64
uname -r = 6.5.8-arch1-1
uname -s = Linux
uname -v = #1 SMP PREEMPT_DYNAMIC Thu, 19 Oct 2023 22:52:14 +0000

/usr/bin/uname -p = unknown
/bin/uname -X     = unknown

/bin/arch              = unknown
/usr/bin/arch -k       = unknown
/usr/convex/getsysinfo = unknown
/usr/bin/hostinfo      = unknown
/bin/machine           = unknown
/usr/bin/oslevel       = unknown
/bin/universe          = unknown

PATH: /usr/lib/jvm/jdk-20.0.2/bin/
PATH: /home/emachines/tool/
PATH: /usr/local/sbin/
PATH: /usr/local/bin/
PATH: /usr/bin/
PATH: /usr/bin/site_perl/
PATH: /usr/bin/vendor_perl/
PATH: /usr/bin/core_perl/


## ----------- ##
## Core tests. ##
## ----------- ##

configure:2406: looking for aux files: missing install-sh config.guess config.sub
configure:2419:  trying ./
configure:2448:   ./missing found
configure:2430:   ./install-sh found
configure:2448:   ./config.guess found
configure:2448:   ./config.sub found
configure:2567: checking build system type
configure:2582: result: x86_64-unknown-linux-gnu
configure:2602: checking host system type
configure:2616: result: x86_64-unknown-linux-gnu
configure:2636: checking target system type
configure:2650: result: x86_64-unknown-linux-gnu
configure:2697: checking for a BSD-compatible install
configure:2770: result: /usr/bin/install -c
configure:2781: checking whether build environment is sane
configure:2831: result: yes
configure:2984: checking for a race-free mkdir -p
configure:3028: result: /usr/bin/mkdir -p
configure:3041: checking for gawk
configure:3062: found /usr/bin/gawk
configure:3073: result: gawk
configure:3084: checking whether make sets $(MAKE)
configure:3107: result: yes
configure:3137: checking whether make supports nested variables
configure:3155: result: yes
configure:3236: checking whether make supports nested variables
configure:3254: result: yes
configure:3336: checking for gcc
configure:3357: found /usr/bin/gcc
configure:3368: result: gcc
configure:3721: checking for C compiler version
configure:3730: gcc --version >&5
gcc (GCC) 13.2.1 20230801
Copyright (C) 2023 Free Software Foundation, Inc.
This is free software; see the source for copying conditions.  There is NO
warranty; not even for MERCHANTABILITY or FITNESS FOR A PARTICULAR PURPOSE.

configure:3741: $? = 0
configure:3730: gcc -v >&5
Using built-in specs.
COLLECT_GCC=gcc
COLLECT_LTO_WRAPPER=/usr/lib/gcc/x86_64-pc-linux-gnu/13.2.1/lto-wrapper
Target: x86_64-pc-linux-gnu
Configured with: /build/gcc/src/gcc/configure --enable-languages=ada,c,c++,d,fortran,go,lto,objc,obj-c++ --enable-bootstrap --prefix=/usr --libdir=/usr/lib --libexecdir=/usr/lib --mandir=/usr/share/man --infodir=/usr/share/info --with-bugurl=https://bugs.archlinux.org/ --with-build-config=bootstrap-lto --with-linker-hash-style=gnu --with-system-zlib --enable-__cxa_atexit --enable-cet=auto --enable-checking=release --enable-clocale=gnu --enable-default-pie --enable-default-ssp --enable-gnu-indirect-function --enable-gnu-unique-object --enable-libstdcxx-backtrace --enable-link-serialization=1 --enable-linker-build-id --enable-lto --enable-multilib --enable-plugin --enable-shared --enable-threads=posix --disable-libssp --disable-libstdcxx-pch --disable-werror
Thread model: posix
Supported LTO compression algorithms: zlib zstd
gcc version 13.2.1 20230801 (GCC) 
configure:3741: $? = 0
configure:3730: gcc -V >&5
gcc: error: unrecognized command-line option '-V'
gcc: fatal error: no input files
compilation terminated.
configure:3741: $? = 1
configure:3730: gcc -qversion >&5
gcc: error: unrecognized command-line option '-qversion'; did you mean '--version'?
gcc: fatal error: no input files
compilation terminated.
configure:3741: $? = 1
configure:3730: gcc -version >&5
gcc: error: unrecognized command-line option '-version'
gcc: fatal error: no input files
compilation terminated.
configure:3741: $? = 1
configure:3761: checking whether the C compiler works
configure:3783: gcc    conftest.c  >&5
configure:3787: $? = 0
configure:3837: result: yes
configure:3840: checking for C compiler default output file name
configure:3842: result: a.out
configure:3848: checking for suffix of executables
configure:3855: gcc -o conftest    conftest.c  >&5
configure:3859: $? = 0
configure:3882: result: 
configure:3904: checking whether we are cross compiling
configure:3912: gcc -o conftest    conftest.c  >&5
configure:3916: $? = 0
configure:3923: ./conftest
configure:3927: $? = 0
configure:3942: result: no
configure:3947: checking for suffix of object files
configure:3970: gcc -c   conftest.c >&5
configure:3974: $? = 0
configure:3996: result: o
configure:4000: checking whether the compiler supports GNU C
configure:4020: gcc -c   conftest.c >&5
configure:4020: $? = 0
configure:4030: result: yes
configure:4041: checking whether gcc accepts -g
configure:4062: gcc -c -g  conftest.c >&5
configure:4062: $? = 0
configure:4106: result: yes
configure:4126: checking for gcc option to enable C11 features
configure:4141: gcc  -c -g -O2  conftest.c >&5
configure:4141: $? = 0
configure:4159: result: none needed
configure:4280: checking for style of include used by make
configure:4308: result: GNU
configure:4335: checking dependency style of gcc
configure:4447: result: gcc3
configure:4510: checking for ranlib
configure:4531: found /usr/bin/ranlib
configure:4542: result: ranlib
configure:4573: checking dependency style of gcc
configure:4683: result: gcc3
configure:4857: checking for sdl-config
configure:4880: found /usr/bin/sdl-config
configure:4893: result: /usr/bin/sdl-config
configure:4903: checking for SDL - version >= 1.2.0
configure:4991: gcc -o conftest -g -O2 -I/usr/include/SDL -D_GNU_SOURCE=1 -D_REENTRANT   conftest.c  -L/usr/lib -lSDL >&5
configure:4991: $? = 0
configure:4991: ./conftest
configure:4991: $? = 0
configure:5007: result: yes
configure:5142: checking for acos in -lm
configure:5165: gcc -o conftest -g -O2 -I/usr/include/SDL -D_GNU_SOURCE=1 -D_REENTRANT   conftest.c -lm   -L/usr/lib -lSDL >&5
conftest.c:15:6: warning: conflicting types for built-in function 'acos'; expected 'double(double)' [-Wbuiltin-declaration-mismatch]
   15 | char acos ();
      |      ^~~~
conftest.c:1:1: note: 'acos' is declared in header '<math.h>'
    1 | /* confdefs.h */
configure:5165: $? = 0
configure:5175: result: yes
configure:5185: checking for inflate in -lz
configure:5208: gcc -o conftest -g -O2 -I/usr/include/SDL -D_GNU_SOURCE=1 -D_REENTRANT   conftest.c -lz  -lm  -L/usr/lib -lSDL >&5
configure:5208: $? = 0
configure:5218: result: yes
configure:5232: checking for getopt_long
configure:5232: gcc -o conftest -g -O2 -I/usr/include/SDL -D_GNU_SOURCE=1 -D_REENTRANT   conftest.c -lz -lm  -L/usr/lib -lSDL >&5
configure:5232: $? = 0
configure:5232: result: yes
configure:5252: checking for scandir
configure:5252: gcc -o conftest -g -O2 -I/usr/include/SDL -D_GNU_SOURCE=1 -D_REENTRANT   conftest.c -lz -lm  -L/usr/lib -lSDL >&5
configure:5252: $? = 0
configure:5252: result: yes
configure:5259: checking for basename
configure:5259: gcc -o conftest -g -O2 -I/usr/include/SDL -D_GNU_SOURCE=1 -D_REENTRANT   conftest.c -lz -lm  -L/usr/lib -lSDL >&5
configure:5259: $? = 0
configure:5259: result: yes
configure:5266: checking for mmap
configure:5266: gcc -o conftest -g -O2 -I/usr/include/SDL -D_GNU_SOURCE=1 -D_REENTRANT   conftest.c -lz -lm  -L/usr/lib -lSDL >&5
configure:5266: $? = 0
configure:5266: result: yes
configure:5448: checking for stdio.h
configure:5448: gcc -c -g -O2 -I/usr/include/SDL -D_GNU_SOURCE=1 -D_REENTRANT  conftest.c >&5
configure:5448: $? = 0
configure:5448: result: yes
configure:5448: checking for stdlib.h
configure:5448: gcc -c -g -O2 -I/usr/include/SDL -D_GNU_SOURCE=1 -D_REENTRANT  conftest.c >&5
configure:5448: $? = 0
configure:5448: result: yes
configure:5448: checking for string.h
configure:5448: gcc -c -g -O2 -I/usr/include/SDL -D_GNU_SOURCE=1 -D_REENTRANT  conftest.c >&5
configure:5448: $? = 0
configure:5448: result: yes
configure:5448: checking for inttypes.h
configure:5448: gcc -c -g -O2 -I/usr/include/SDL -D_GNU_SOURCE=1 -D_REENTRANT  conftest.c >&5
configure:5448: $? = 0
configure:5448: result: yes
configure:5448: checking for stdint.h
configure:5448: gcc -c -g -O2 -I/usr/include/SDL -D_GNU_SOURCE=1 -D_REENTRANT  conftest.c >&5
configure:5448: $? = 0
configure:5448: result: yes
configure:5448: checking for strings.h
configure:5448: gcc -c -g -O2 -I/usr/include/SDL -D_GNU_SOURCE=1 -D_REENTRANT  conftest.c >&5
configure:5448: $? = 0
configure:5448: result: yes
configure:5448: checking for sys/stat.h
configure:5448: gcc -c -g -O2 -I/usr/include/SDL -D_GNU_SOURCE=1 -D_REENTRANT  conftest.c >&5
configure:5448: $? = 0
configure:5448: result: yes
configure:5448: checking for sys/types.h
configure:5448: gcc -c -g -O2 -I/usr/include/SDL -D_GNU_SOURCE=1 -D_REENTRANT  conftest.c >&5
configure:5448: $? = 0
configure:5448: result: yes
configure:5448: checking for unistd.h
configure:5448: gcc -c -g -O2 -I/usr/include/SDL -D_GNU_SOURCE=1 -D_REENTRANT  conftest.c >&5
configure:5448: $? = 0
configure:5448: result: yes
configure:5448: checking for sys/time.h
configure:5448: gcc -c -g -O2 -I/usr/include/SDL -D_GNU_SOURCE=1 -D_REENTRANT  conftest.c >&5
configure:5448: $? = 0
configure:5448: result: yes
configure:5473: checking for GL/gl.h
configure:5473: gcc -c -g -O2 -I/usr/include/SDL -D_GNU_SOURCE=1 -D_REENTRANT  conftest.c >&5
configure:5473: $? = 0
configure:5473: result: yes
configure:5569: checking for dirent.h that defines DIR
configure:5589: gcc -c -g -O2 -I/usr/include/SDL -D_GNU_SOURCE=1 -D_REENTRANT  conftest.c >&5
configure:5589: $? = 0
configure:5598: result: yes
configure:5612: checking for library containing opendir
configure:5642: gcc -o conftest -g -O2 -I/usr/include/SDL -D_GNU_SOURCE=1 -D_REENTRANT   conftest.c -lz -lm  -L/usr/lib -lSDL >&5
configure:5642: $? = 0
configure:5662: result: none required
configure:5733: checking for grep that handles long lines and -e
configure:5797: result: /usr/bin/grep
configure:5805: checking for egrep
configure:5873: result: /usr/bin/grep -E
configure:5879: checking for errno.h
configure:5879: gcc -c -g -O2 -I/usr/include/SDL -D_GNU_SOURCE=1 -D_REENTRANT  conftest.c >&5
configure:5879: $? = 0
configure:5879: result: yes
configure:5885: checking for limits.h
configure:5885: gcc -c -g -O2 -I/usr/include/SDL -D_GNU_SOURCE=1 -D_REENTRANT  conftest.c >&5
configure:5885: $? = 0
configure:5885: result: yes
configure:5891: checking for malloc.h
configure:5891: gcc -c -g -O2 -I/usr/include/SDL -D_GNU_SOURCE=1 -D_REENTRANT  conftest.c >&5
configure:5891: $? = 0
configure:5891: result: yes
configure:5897: checking for stddef.h
configure:5897: gcc -c -g -O2 -I/usr/include/SDL -D_GNU_SOURCE=1 -D_REENTRANT  conftest.c >&5
configure:5897: $? = 0
configure:5897: result: yes
configure:5903: checking for stdlib.h
configure:5903: result: yes
configure:5909: checking for string.h
configure:5909: result: yes
configure:5915: checking for sys/time.h
configure:5915: result: yes
configure:5921: checking for unistd.h
configure:5921: result: yes
configure:5930: checking for an ANSI C-conforming const
configure:5997: gcc -c -g -O2 -I/usr/include/SDL -D_GNU_SOURCE=1 -D_REENTRANT  conftest.c >&5
configure:5997: $? = 0
configure:6005: result: yes
configure:6013: checking for inline
configure:6030: gcc -c -g -O2 -I/usr/include/SDL -D_GNU_SOURCE=1 -D_REENTRANT  conftest.c >&5
configure:6030: $? = 0
configure:6039: result: inline
configure:6067: checking whether struct tm is in sys/time.h or time.h
configure:6088: gcc -c -g -O2 -I/usr/include/SDL -D_GNU_SOURCE=1 -D_REENTRANT  conftest.c >&5
configure:6088: $? = 0
configure:6096: result: time.h
configure:6104: checking whether byte ordering is bigendian
configure:6120: gcc -c -g -O2 -I/usr/include/SDL -D_GNU_SOURCE=1 -D_REENTRANT  conftest.c >&5
conftest.c:43:16: error: unknown type name 'not'
   43 |                not a universal capable compiler
      |                ^~~
conftest.c:43:22: error: expected '=', ',', ';', 'asm' or '__attribute__' before 'universal'
   43 |                not a universal capable compiler
      |                      ^~~~~~~~~
conftest.c:43:22: error: unknown type name 'universal'
configure:6120: $? = 1
configure: failed program was:
| /* confdefs.h */
| #define PACKAGE_NAME "gngeo"
| #define PACKAGE_TARNAME "gngeo"
| #define PACKAGE_VERSION "0.8"
| #define PACKAGE_STRING "gngeo 0.8"
| #define PACKAGE_BUGREPORT ""
| #define PACKAGE_URL ""
| #define PACKAGE "gngeo"
| #define VERSION "0.8"
| #define HAVE_LIBM 1
| #define HAVE_LIBZ 1
| #define HAVE_GETOPT_LONG 1
| #define HAVE_SCANDIR 1
| #define HAVE_BASENAME 1
| #define HAVE_MMAP 1
| #define USE_GENERATOR68K 1
| #define USE_MAMEZ80 1
| #define HAVE_STDIO_H 1
| #define HAVE_STDLIB_H 1
| #define HAVE_STRING_H 1
| #define HAVE_INTTYPES_H 1
| #define HAVE_STDINT_H 1
| #define HAVE_STRINGS_H 1
| #define HAVE_SYS_STAT_H 1
| #define HAVE_SYS_TYPES_H 1
| #define HAVE_UNISTD_H 1
| #define HAVE_SYS_TIME_H 1
| #define STDC_HEADERS 1
| #define HAVE_GL_GL_H 1
| #define USE_GL2 1
| #define HAVE_DIRENT_H 1
| #define HAVE_ERRNO_H 1
| #define HAVE_LIMITS_H 1
| #define HAVE_MALLOC_H 1
| #define HAVE_STDDEF_H 1
| #define HAVE_STDLIB_H 1
| #define HAVE_STRING_H 1
| #define HAVE_SYS_TIME_H 1
| #define HAVE_UNISTD_H 1
| #define TIME_WITH_SYS_TIME 1
| /* end confdefs.h.  */
| #ifndef __APPLE_CC__
| 	       not a universal capable compiler
| 	     #endif
| 	     typedef int dummy;
| 
configure:6166: gcc -c -g -O2 -I/usr/include/SDL -D_GNU_SOURCE=1 -D_REENTRANT  conftest.c >&5
configure:6166: $? = 0
configure:6185: gcc -c -g -O2 -I/usr/include/SDL -D_GNU_SOURCE=1 -D_REENTRANT  conftest.c >&5
conftest.c: In function 'main':
conftest.c:49:18: error: unknown type name 'not'; did you mean 'ino_t'?
   49 |                  not big endian
      |                  ^~~
      |                  ino_t
conftest.c:49:26: error: expected '=', ',', ';', 'asm' or '__attribute__' before 'endian'
   49 |                  not big endian
      |                          ^~~~~~
configure:6185: $? = 1
configure: failed program was:
| /* confdefs.h */
| #define PACKAGE_NAME "gngeo"
| #define PACKAGE_TARNAME "gngeo"
| #define PACKAGE_VERSION "0.8"
| #define PACKAGE_STRING "gngeo 0.8"
| #define PACKAGE_BUGREPORT ""
| #define PACKAGE_URL ""
| #define PACKAGE "gngeo"
| #define VERSION "0.8"
| #define HAVE_LIBM 1
| #define HAVE_LIBZ 1
| #define HAVE_GETOPT_LONG 1
| #define HAVE_SCANDIR 1
| #define HAVE_BASENAME 1
| #define HAVE_MMAP 1
| #define USE_GENERATOR68K 1
| #define USE_MAMEZ80 1
| #define HAVE_STDIO_H 1
| #define HAVE_STDLIB_H 1
| #define HAVE_STRING_H 1
| #define HAVE_INTTYPES_H 1
| #define HAVE_STDINT_H 1
| #define HAVE_STRINGS_H 1
| #define HAVE_SYS_STAT_H 1
| #define HAVE_SYS_TYPES_H 1
| #define HAVE_UNISTD_H 1
| #define HAVE_SYS_TIME_H 1
| #define STDC_HEADERS 1
| #define HAVE_GL_GL_H 1
| #define USE_GL2 1
| #define HAVE_DIRENT_H 1
| #define HAVE_ERRNO_H 1
| #define HAVE_LIMITS_H 1
| #define HAVE_MALLOC_H 1
| #define HAVE_STDDEF_H 1
| #define HAVE_STDLIB_H 1
| #define HAVE_STRING_H 1
| #define HAVE_SYS_TIME_H 1
| #define HAVE_UNISTD_H 1
| #define TIME_WITH_SYS_TIME 1
| /* end confdefs.h.  */
| #include <sys/types.h>
| 		#include <sys/param.h>
| 
| int
| main (void)
| {
| #if BYTE_ORDER != BIG_ENDIAN
| 		 not big endian
| 		#endif
| 
|   ;
|   return 0;
| }
configure:6319: result: no
configure:6343: checking for vprintf
configure:6343: gcc -o conftest -g -O2 -I/usr/include/SDL -D_GNU_SOURCE=1 -D_REENTRANT   conftest.c -lz -lm  -L/usr/lib -lSDL >&5
conftest.c:58:6: warning: conflicting types for built-in function 'vprintf'; expected 'int(const char *, __va_list_tag *)' [-Wbuiltin-declaration-mismatch]
   58 | char vprintf ();
      |      ^~~~~~~
conftest.c:50:1: note: 'vprintf' is declared in header '<stdio.h>'
   49 | #include <limits.h>
   50 | #undef vprintf
configure:6343: $? = 0
configure:6343: result: yes
configure:6364: checking for atexit
configure:6364: gcc -o conftest -g -O2 -I/usr/include/SDL -D_GNU_SOURCE=1 -D_REENTRANT   conftest.c -lz -lm  -L/usr/lib -lSDL >&5
configure:6364: $? = 0
configure:6364: result: yes
configure:6370: checking for floor
configure:6370: gcc -o conftest -g -O2 -I/usr/include/SDL -D_GNU_SOURCE=1 -D_REENTRANT   conftest.c -lz -lm  -L/usr/lib -lSDL >&5
conftest.c:60:6: warning: conflicting types for built-in function 'floor'; expected 'double(double)' [-Wbuiltin-declaration-mismatch]
   60 | char floor ();
      |      ^~~~~
conftest.c:52:1: note: 'floor' is declared in header '<math.h>'
   51 | #include <limits.h>
   52 | #undef floor
configure:6370: $? = 0
configure:6370: result: yes
configure:6376: checking for gettimeofday
configure:6376: gcc -o conftest -g -O2 -I/usr/include/SDL -D_GNU_SOURCE=1 -D_REENTRANT   conftest.c -lz -lm  -L/usr/lib -lSDL >&5
configure:6376: $? = 0
configure:6376: result: yes
configure:6382: checking for memset
configure:6382: gcc -o conftest -g -O2 -I/usr/include/SDL -D_GNU_SOURCE=1 -D_REENTRANT   conftest.c -lz -lm  -L/usr/lib -lSDL >&5
conftest.c:62:6: warning: conflicting types for built-in function 'memset'; expected 'void *(void *, int,  long unsigned int)' [-Wbuiltin-declaration-mismatch]
   62 | char memset ();
      |      ^~~~~~
conftest.c:54:1: note: 'memset' is declared in header '<string.h>'
   53 | #include <limits.h>
   54 | #undef memset
configure:6382: $? = 0
configure:6382: result: yes
configure:6388: checking for mkdir
configure:6388: gcc -o conftest -g -O2 -I/usr/include/SDL -D_GNU_SOURCE=1 -D_REENTRANT   conftest.c -lz -lm  -L/usr/lib -lSDL >&5
configure:6388: $? = 0
configure:6388: result: yes
configure:6394: checking for pow
configure:6394: gcc -o conftest -g -O2 -I/usr/include/SDL -D_GNU_SOURCE=1 -D_REENTRANT   conftest.c -lz -lm  -L/usr/lib -lSDL >&5
conftest.c:64:6: warning: conflicting types for built-in function 'pow'; expected 'double(double,  double)' [-Wbuiltin-declaration-mismatch]
   64 | char pow ();
      |      ^~~
conftest.c:56:1: note: 'pow' is declared in header '<math.h>'
   55 | #include <limits.h>
   56 | #undef pow
configure:6394: $? = 0
configure:6394: result: yes
configure:6400: checking for strchr
configure:6400: gcc -o conftest -g -O2 -I/usr/include/SDL -D_GNU_SOURCE=1 -D_REENTRANT   conftest.c -lz -lm  -L/usr/lib -lSDL >&5
conftest.c:65:6: warning: conflicting types for built-in function 'strchr'; expected 'char *(const char *, int)' [-Wbuiltin-declaration-mismatch]
   65 | char strchr ();
      |      ^~~~~~
conftest.c:57:1: note: 'strchr' is declared in header '<string.h>'
   56 | #include <limits.h>
   57 | #undef strchr
configure:6400: $? = 0
configure:6400: result: yes
configure:6406: checking for strstr
configure:6406: gcc -o conftest -g -O2 -I/usr/include/SDL -D_GNU_SOURCE=1 -D_REENTRANT   conftest.c -lz -lm  -L/usr/lib -lSDL >&5
conftest.c:66:6: warning: conflicting types for built-in function 'strstr'; expected 'char *(const char *, const char *)' [-Wbuiltin-declaration-mismatch]
   66 | char strstr ();
      |      ^~~~~~
conftest.c:58:1: note: 'strstr' is declared in header '<string.h>'
   57 | #include <limits.h>
   58 | #undef strstr
configure:6406: $? = 0
configure:6406: result: yes
configure:6412: checking for strtoul
configure:6412: gcc -o conftest -g -O2 -I/usr/include/SDL -D_GNU_SOURCE=1 -D_REENTRANT   conftest.c -lz -lm  -L/usr/lib -lSDL >&5
configure:6412: $? = 0
configure:6412: result: yes
configure:6436: result: Turning on x86_64 processor optimisations
configure:6669: creating ./config.status

## ---------------- ##
## Cache variables. ##
## ---------------- ##

ac_cv_build=x86_64-unknown-linux-gnu
ac_cv_c_bigendian=no
ac_cv_c_compiler_gnu=yes
ac_cv_c_const=yes
ac_cv_c_inline=inline
ac_cv_env_CCASFLAGS_set=
ac_cv_env_CCASFLAGS_value=
ac_cv_env_CCAS_set=
ac_cv_env_CCAS_value=
ac_cv_env_CC_set=
ac_cv_env_CC_value=
ac_cv_env_CFLAGS_set=
ac_cv_env_CFLAGS_value=
ac_cv_env_CPPFLAGS_set=
ac_cv_env_CPPFLAGS_value=
ac_cv_env_LDFLAGS_set=
ac_cv_env_LDFLAGS_value=
ac_cv_env_LIBS_set=
ac_cv_env_LIBS_value=
ac_cv_env_build_alias_set=
ac_cv_env_build_alias_value=
ac_cv_env_host_alias_set=
ac_cv_env_host_alias_value=
ac_cv_env_target_alias_set=
ac_cv_env_target_alias_value=
ac_cv_func_atexit=yes
ac_cv_func_basename=yes
ac_cv_func_floor=yes
ac_cv_func_getopt_long=yes
ac_cv_func_gettimeofday=yes
ac_cv_func_memset=yes
ac_cv_func_mkdir=yes
ac_cv_func_mmap=yes
ac_cv_func_pow=yes
ac_cv_func_scandir=yes
ac_cv_func_strchr=yes
ac_cv_func_strstr=yes
ac_cv_func_strtoul=yes
ac_cv_func_vprintf=yes
ac_cv_header_GL_gl_h=yes
ac_cv_header_dirent_dirent_h=yes
ac_cv_header_errno_h=yes
ac_cv_header_inttypes_h=yes
ac_cv_header_limits_h=yes
ac_cv_header_malloc_h=yes
ac_cv_header_stddef_h=yes
ac_cv_header_stdint_h=yes
ac_cv_header_stdio_h=yes
ac_cv_header_stdlib_h=yes
ac_cv_header_string_h=yes
ac_cv_header_strings_h=yes
ac_cv_header_sys_stat_h=yes
ac_cv_header_sys_time_h=yes
ac_cv_header_sys_types_h=yes
ac_cv_header_unistd_h=yes
ac_cv_host=x86_64-unknown-linux-gnu
ac_cv_lib_m_acos=yes
ac_cv_lib_z_inflate=yes
ac_cv_objext=o
ac_cv_path_EGREP='/usr/bin/grep -E'
ac_cv_path_GREP=/usr/bin/grep
ac_cv_path_SDL_CONFIG=/usr/bin/sdl-config
ac_cv_path_install='/usr/bin/install -c'
ac_cv_path_mkdir=/usr/bin/mkdir
ac_cv_prog_AWK=gawk
ac_cv_prog_ac_ct_CC=gcc
ac_cv_prog_ac_ct_RANLIB=ranlib
ac_cv_prog_cc_c11=
ac_cv_prog_cc_g=yes
ac_cv_prog_cc_stdc=
ac_cv_prog_make_make_set=yes
ac_cv_search_opendir='none required'
ac_cv_struct_tm=time.h
ac_cv_target=x86_64-unknown-linux-gnu
am_cv_CCAS_dependencies_compiler_type=gcc3
am_cv_CC_dependencies_compiler_type=gcc3
am_cv_make_support_nested_variables=yes

## ----------------- ##
## Output variables. ##
## ----------------- ##

ACLOCAL='${SHELL} /home/emachines/source/gngeo/missing --run aclocal-1.11'
AMDEPBACKSLASH='\'
AMDEP_FALSE='#'
AMDEP_TRUE=''
AMTAR='$${TAR-tar}'
AM_BACKSLASH='\'
AM_DEFAULT_V='$(AM_DEFAULT_VERBOSITY)'
AM_DEFAULT_VERBOSITY='1'
AM_V='$(V)'
AUTOCONF='${SHELL} /home/emachines/source/gngeo/missing --run autoconf'
AUTOHEADER='${SHELL} /home/emachines/source/gngeo/missing --run autoheader'
AUTOMAKE='${SHELL} /home/emachines/source/gngeo/missing --run automake-1.11'
AWK='gawk'
CC='gcc'
CCAS='gcc'
CCASDEPMODE='depmode=gcc3'
CCASFLAGS='-g -O2'
CCDEPMODE='depmode=gcc3'
CC_FOR_BUILD='gcc'
CFLAGS='-g -O2 -I/usr/include/SDL -D_GNU_SOURCE=1 -D_REENTRANT -O3 -fstrength-reduce -frerun-loop-opt -Wall -Wno-unused -funroll-loops                     -ffast-math  -fexpensive-optimizations -fcommon                      -malign-double -fomit-frame-pointer -g 		    -fno-strict-aliasing -pipe -DCPU=x86_64'
CPPFLAGS=''
CYGPATH_W='echo'
DEFS='-DHAVE_CONFIG_H'
DEPDIR='.deps'
ECHO_C=''
ECHO_N='-n'
ECHO_T=''
EGREP='/usr/bin/grep -E'
EXEEXT=''
GREP='/usr/bin/grep'
HAVE_NASM_FALSE=''
HAVE_NASM_TRUE='#'
INSTALL_DATA='${INSTALL} -m 644'
INSTALL_PROGRAM='${INSTALL}'
INSTALL_SCRIPT='${INSTALL}'
INSTALL_STRIP_PROGRAM='$(install_sh) -c -s'
LDFLAGS=''
LIBOBJS=''
LIBS='-lz -lm  -L/usr/lib -lSDL'
LTLIBOBJS=''
MAKEINFO='${SHELL} /home/emachines/source/gngeo/missing --run makeinfo'
MKDIR_P='/usr/bin/mkdir -p'
OBJEXT='o'
PACKAGE='gngeo'
PACKAGE_BUGREPORT=''
PACKAGE_NAME='gngeo'
PACKAGE_STRING='gngeo 0.8'
PACKAGE_TARNAME='gngeo'
PACKAGE_URL=''
PACKAGE_VERSION='0.8'
PATH_SEPARATOR=':'
PROCESSOR_ARM_FALSE=''
PROCESSOR_ARM_TRUE='#'
RANLIB='ranlib'
SDL_CFLAGS='-I/usr/include/SDL -D_GNU_SOURCE=1 -D_REENTRANT'
SDL_CONFIG='/usr/bin/sdl-config'
SDL_LIBS='-L/usr/lib -lSDL'
SET_MAKE=''
SHELL='/bin/sh'
STRIP=''
USE_CYCLONE_FALSE=''
USE_CYCLONE_TRUE='#'
USE_DRZ80_FALSE=''
USE_DRZ80_TRUE='#'
USE_GENERATOR68K_FALSE='#'
USE_GENERATOR68K_TRUE=''
USE_GP2X_FALSE=''
USE_GP2X_TRUE='#'
USE_GUI_FALSE=''
USE_GUI_TRUE='#'
USE_MAMEZ80_FALSE='#'
USE_MAMEZ80_TRUE=''
USE_RAZE_FALSE=''
USE_RAZE_TRUE='#'
USE_STARSCREAM_FALSE=''
USE_STARSCREAM_TRUE='#'
USE_WIZ_FALSE=''
USE_WIZ_TRUE='#'
VERSION='0.8'
ac_ct_CC='gcc'
am__EXEEXT_FALSE=''
am__EXEEXT_TRUE='#'
am__fastdepCCAS_FALSE='#'
am__fastdepCCAS_TRUE=''
am__fastdepCC_FALSE='#'
am__fastdepCC_TRUE=''
am__include='include'
am__isrc=''
am__leading_dot='.'
am__nodep='_no'
am__quote=''
am__tar='$${TAR-tar} chof - "$$tardir"'
am__untar='$${TAR-tar} xf -'
bindir='${exec_prefix}/bin'
build='x86_64-unknown-linux-gnu'
build_alias=''
build_cpu='x86_64'
build_os='linux-gnu'
build_vendor='unknown'
datadir='${datarootdir}'
datarootdir='${prefix}/share'
docdir='${datarootdir}/doc/${PACKAGE_TARNAME}'
dvidir='${docdir}'
exec_prefix='${prefix}'
have_nasm=''
host='x86_64-unknown-linux-gnu'
host_alias=''
host_cpu='x86_64'
host_os='linux-gnu'
host_vendor='unknown'
htmldir='${docdir}'
includedir='${prefix}/include'
infodir='${datarootdir}/info'
install_sh='${SHELL} /home/emachines/source/gngeo/install-sh'
libdir='${exec_prefix}/lib'
libexecdir='${exec_prefix}/libexec'
localedir='${datarootdir}/locale'
localstatedir='${prefix}/var'
mandir='${datarootdir}/man'
mkdir_p='/usr/bin/mkdir -p'
oldincludedir='/usr/include'
pdfdir='${docdir}'
prefix='/usr/local'
program_transform_name='s,x,x,'
psdir='${docdir}'
runstatedir='${localstatedir}/run'
sbindir='${exec_prefix}/sbin'
sharedstatedir='${prefix}/com'
sysconfdir='${prefix}/etc'
target='x86_64-unknown-linux-gnu'
target_alias=''
target_cpu='x86_64'
target_os='linux-gnu'
target_vendor='unknown'

## ----------- ##
## confdefs.h. ##
## ----------- ##

/* confdefs.h */
#define PACKAGE_NAME "gngeo"
#define PACKAGE_TARNAME "gngeo"
#define PACKAGE_VERSION "0.8"
#define PACKAGE_STRING "gngeo 0.8"
#define PACKAGE_BUGREPORT ""
#define PACKAGE_URL ""
#define PACKAGE "gngeo"
#define VERSION "0.8"
#define HAVE_LIBM 1
#define HAVE_LIBZ 1
#define HAVE_GETOPT_LONG 1
#define HAVE_SCANDIR 1
#define HAVE_BASENAME 1
#define HAVE_MMAP 1
#define USE_GENERATOR68K 1
#define USE_MAMEZ80 1
#define HAVE_STDIO_H 1
#define HAVE_STDLIB_H 1
#define HAVE_STRING_H 1
#define HAVE_INTTYPES_H 1
#define HAVE_STDINT_H 1
#define HAVE_STRINGS_H 1
#define HAVE_SYS_STAT_H 1
#define HAVE_SYS_TYPES_H 1
#define HAVE_UNISTD_H 1
#define HAVE_SYS_TIME_H 1
#define STDC_HEADERS 1
#define HAVE_GL_GL_H 1
#define USE_GL2 1
#define HAVE_DIRENT_H 1
#define HAVE_ERRNO_H 1
#define HAVE_LIMITS_H 1
#define HAVE_MALLOC_H 1
#define HAVE_STDDEF_H 1
#define HAVE_STDLIB_H 1
#define HAVE_STRING_H 1
#define HAVE_SYS_TIME_H 1
#define HAVE_UNISTD_H 1
#define TIME_WITH_SYS_TIME 1
#define HAVE_VPRINTF 1
#define HAVE_ATEXIT 1
#define HAVE_FLOOR 1
#define HAVE_GETTIMEOFDAY 1
#define HAVE_MEMSET 1
#define HAVE_MKDIR 1
#define HAVE_POW 1
#define HAVE_STRCHR 1
#define HAVE_STRSTR 1
#define HAVE_STRTOUL 1
#define PROCESSOR_ADM64 1
#define ALIGNLONGS ALIGNLONGS

configure: exit 0

## ---------------------- ##
## Running config.status. ##
## ---------------------- ##

This file was extended by gngeo config.status 0.8, which was
generated by GNU Autoconf 2.71.  Invocation command line was

  CONFIG_FILES    = 
  CONFIG_HEADERS  = 
  CONFIG_LINKS    = 
  CONFIG_COMMANDS = 
  $ ./config.status 

on kotori

config.status:937: creating Makefile
config.status:937: creating gngeo.dat/Makefile
config.status:937: creating pnd/Makefile
config.status:937: creating src/Makefile
config.status:937: creating src/raze/Makefile
config.status:937: creating src/star/Makefile
config.status:937: creating src/mamez80/Makefile
config.status:937: creating src/generator68k/Makefile
config.status:937: creating src/cyclone/Makefile
config.status:937: creating src/drz80/Makefile
config.status:937: creating src/effect/Makefile
config.status:937: creating src/blitter/Makefile
config.status:937: creating src/ym2610/Makefile
config.status:937: creating config.h
config.status:1166: executing depfiles commands

## ---------------------- ##
## Running config.status. ##
## ---------------------- ##

This file was extended by gngeo config.status 0.8, which was
generated by GNU Autoconf 2.71.  Invocation command line was

  CONFIG_FILES    = 
  CONFIG_HEADERS  = 
  CONFIG_LINKS    = 
  CONFIG_COMMANDS = 
  $ ./config.status config.h

on kotori

config.status:937: creating config.h
